[INFO  - 2017-06-29T08:53:08.144Z] GhostDriver - Main - running on port 31972
[INFO  - 2017-06-29T08:53:08.833Z] Session [5fb889c0-5ca8-11e7-94af-eda68f1b847d] - page.settings - {"XSSAuditingEnabled":false,"javascriptCanCloseWindows":true,"javascriptCanOpenWindows":true,"javascriptEnabled":true,"loadImages":true,"localToRemoteUrlAccessEnabled":false,"userAgent":"Mozilla/5.0 (Windows NT 6.1; WOW64) AppleWebKit/538.1 (KHTML, like Gecko) PhantomJS/2.1.1 Safari/538.1","webSecurityEnabled":true}
[INFO  - 2017-06-29T08:53:08.834Z] Session [5fb889c0-5ca8-11e7-94af-eda68f1b847d] - page.customHeaders:  - {}
[INFO  - 2017-06-29T08:53:08.834Z] Session [5fb889c0-5ca8-11e7-94af-eda68f1b847d] - Session.negotiatedCapabilities - {"browserName":"phantomjs","version":"2.1.1","driverName":"ghostdriver","driverVersion":"1.2.0","platform":"windows-7-32bit","javascriptEnabled":true,"takesScreenshot":true,"handlesAlerts":false,"databaseEnabled":false,"locationContextEnabled":false,"applicationCacheEnabled":false,"browserConnectionEnabled":false,"cssSelectorsEnabled":true,"webStorageEnabled":false,"rotatable":false,"acceptSslCerts":false,"nativeEvents":true,"proxy":{"proxyType":"direct"}}
[INFO  - 2017-06-29T08:53:08.834Z] SessionManagerReqHand - _postNewSessionCommand - New Session Created: 5fb889c0-5ca8-11e7-94af-eda68f1b847d
[INFO  - 2017-06-29T08:53:09.328Z] ShutdownReqHand - _handle - About to shutdown
[INFO  - 2017-06-29T09:49:44.818Z] GhostDriver - Main - running on port 6304
[INFO  - 2017-06-29T09:49:45.829Z] Session [487cfe00-5cb0-11e7-8cbe-a7a9bc6bc9e4] - page.settings - {"XSSAuditingEnabled":false,"javascriptCanCloseWindows":true,"javascriptCanOpenWindows":true,"javascriptEnabled":true,"loadImages":true,"localToRemoteUrlAccessEnabled":false,"userAgent":"Mozilla/5.0 (Windows NT 6.1; WOW64) AppleWebKit/538.1 (KHTML, like Gecko) PhantomJS/2.1.1 Safari/538.1","webSecurityEnabled":true}
[INFO  - 2017-06-29T09:49:45.829Z] Session [487cfe00-5cb0-11e7-8cbe-a7a9bc6bc9e4] - page.customHeaders:  - {}
[INFO  - 2017-06-29T09:49:45.829Z] Session [487cfe00-5cb0-11e7-8cbe-a7a9bc6bc9e4] - Session.negotiatedCapabilities - {"browserName":"phantomjs","version":"2.1.1","driverName":"ghostdriver","driverVersion":"1.2.0","platform":"windows-7-32bit","javascriptEnabled":true,"takesScreenshot":true,"handlesAlerts":false,"databaseEnabled":false,"locationContextEnabled":false,"applicationCacheEnabled":false,"browserConnectionEnabled":false,"cssSelectorsEnabled":true,"webStorageEnabled":false,"rotatable":false,"acceptSslCerts":false,"nativeEvents":true,"proxy":{"proxyType":"direct"}}
[INFO  - 2017-06-29T09:49:45.829Z] SessionManagerReqHand - _postNewSessionCommand - New Session Created: 487cfe00-5cb0-11e7-8cbe-a7a9bc6bc9e4
[INFO  - 2017-06-29T09:49:46.253Z] ShutdownReqHand - _handle - About to shutdown
[INFO  - 2017-06-29T10:00:01.958Z] GhostDriver - Main - running on port 6754
[INFO  - 2017-06-29T10:00:02.947Z] Session [b85192d0-5cb1-11e7-a614-45777ff1afff] - page.settings - {"XSSAuditingEnabled":false,"javascriptCanCloseWindows":true,"javascriptCanOpenWindows":true,"javascriptEnabled":true,"loadImages":true,"localToRemoteUrlAccessEnabled":false,"userAgent":"Mozilla/5.0 (Windows NT 6.1; WOW64) AppleWebKit/538.1 (KHTML, like Gecko) PhantomJS/2.1.1 Safari/538.1","webSecurityEnabled":true}
[INFO  - 2017-06-29T10:00:02.947Z] Session [b85192d0-5cb1-11e7-a614-45777ff1afff] - page.customHeaders:  - {}
[INFO  - 2017-06-29T10:00:02.947Z] Session [b85192d0-5cb1-11e7-a614-45777ff1afff] - Session.negotiatedCapabilities - {"browserName":"phantomjs","version":"2.1.1","driverName":"ghostdriver","driverVersion":"1.2.0","platform":"windows-7-32bit","javascriptEnabled":true,"takesScreenshot":true,"handlesAlerts":false,"databaseEnabled":false,"locationContextEnabled":false,"applicationCacheEnabled":false,"browserConnectionEnabled":false,"cssSelectorsEnabled":true,"webStorageEnabled":false,"rotatable":false,"acceptSslCerts":false,"nativeEvents":true,"proxy":{"proxyType":"direct"}}
[INFO  - 2017-06-29T10:00:02.947Z] SessionManagerReqHand - _postNewSessionCommand - New Session Created: b85192d0-5cb1-11e7-a614-45777ff1afff
[INFO  - 2017-06-29T10:00:03.698Z] ShutdownReqHand - _handle - About to shutdown
[INFO  - 2017-06-29T11:35:08.564Z] GhostDriver - Main - running on port 34413
[INFO  - 2017-06-29T11:35:09.819Z] Session [01e05f00-5cbf-11e7-979d-df4e6ff3896f] - page.settings - {"XSSAuditingEnabled":false,"javascriptCanCloseWindows":true,"javascriptCanOpenWindows":true,"javascriptEnabled":true,"loadImages":true,"localToRemoteUrlAccessEnabled":false,"userAgent":"Mozilla/5.0 (Windows NT 6.1; WOW64) AppleWebKit/538.1 (KHTML, like Gecko) PhantomJS/2.1.1 Safari/538.1","webSecurityEnabled":true}
[INFO  - 2017-06-29T11:35:09.819Z] Session [01e05f00-5cbf-11e7-979d-df4e6ff3896f] - page.customHeaders:  - {}
[INFO  - 2017-06-29T11:35:09.819Z] Session [01e05f00-5cbf-11e7-979d-df4e6ff3896f] - Session.negotiatedCapabilities - {"browserName":"phantomjs","version":"2.1.1","driverName":"ghostdriver","driverVersion":"1.2.0","platform":"windows-7-32bit","javascriptEnabled":true,"takesScreenshot":true,"handlesAlerts":false,"databaseEnabled":false,"locationContextEnabled":false,"applicationCacheEnabled":false,"browserConnectionEnabled":false,"cssSelectorsEnabled":true,"webStorageEnabled":false,"rotatable":false,"acceptSslCerts":false,"nativeEvents":true,"proxy":{"proxyType":"direct"}}
[INFO  - 2017-06-29T11:35:09.820Z] SessionManagerReqHand - _postNewSessionCommand - New Session Created: 01e05f00-5cbf-11e7-979d-df4e6ff3896f
[INFO  - 2017-06-29T11:35:10.702Z] ShutdownReqHand - _handle - About to shutdown
